<?xml version="1.0" encoding="UTF-8"?>
<!-- Generated by org.testng.reporters.JUnitReportReporter -->
<testsuite hostname="DESKTOP-FN7PO88" failures="0" tests="7" name="com.comshoppoint.usermodel.UsermodelTest$AddingmultipleproducttocartTest" time="43.846" errors="0" timestamp="2024-09-22T22:24:19 PDT" skipped="0">
  <testcase classname="com.comshoppoint.usermodel.UsermodelTest$AddingmultipleproducttocartTest" name="Tocheckorderhistory1" time="3.255"/>
  <system-out/>
  <testcase classname="com.comshoppoint.usermodel.UsermodelTest$AddingmultipleproducttocartTest" name="purchaseProductWithCashOndelivertTest" time="10.672"/>
  <system-out/>
  <testcase classname="com.comshoppoint.usermodel.UsermodelTest$AddingmultipleproducttocartTest" name="RemoveproductFromCart" time="5.461"/>
  <system-out/>
  <testcase classname="com.comshoppoint.usermodel.UsermodelTest$AddingmultipleproducttocartTest" name="Tracktheorder1" time="3.252"/>
  <system-out/>
  <testcase classname="com.comshoppoint.usermodel.UsermodelTest$AddingmultipleproducttocartTest" name="Updateproductintocart" time="4.507"/>
  <system-out/>
  <testcase classname="com.comshoppoint.usermodel.UsermodelTest$AddingmultipleproducttocartTest" name="Tracktheorder" time="11.080"/>
  <system-out/>
  <testcase classname="com.comshoppoint.usermodel.UsermodelTest$AddingmultipleproducttocartTest" name="addingMultipleproductotocart" time="5.619"/>
  <system-out/>
</testsuite> <!-- com.comshoppoint.usermodel.UsermodelTest$AddingmultipleproducttocartTest -->
