<?xml version="1.0" encoding="UTF-8"?>
<!-- Generated by org.testng.reporters.JUnitReportReporter -->
<testsuite hostname="DESKTOP-FN7PO88" failures="0" tests="2" name="com.comsand.ecomm.AddingmultipleproducttocartTest" time="49.436" errors="0" timestamp="2024-09-23T02:29:33 PDT" skipped="0">
  <testcase classname="com.comsand.ecomm.AddingmultipleproducttocartTest" name="addingMultipleproductotocart" time="19.157"/>
  <system-out/>
  <testcase classname="com.comsand.ecomm.AddingmultipleproducttocartTest" name="addingMultipleproductotocart" time="30.279"/>
  <system-out/>
</testsuite> <!-- com.comsand.ecomm.AddingmultipleproducttocartTest -->
