<?xml version="1.0" encoding="UTF-8"?>
<!-- Generated by org.testng.reporters.JUnitReportReporter -->
<testsuite hostname="DESKTOP-FN7PO88" failures="0" tests="1" name="com.comsand.ecomm.TocheckorderhistoryTest" time="16.969" errors="0" timestamp="2024-09-23T00:28:30 PDT" skipped="0">
  <testcase classname="com.comsand.ecomm.TocheckorderhistoryTest" name="Tocheckorderhistory" time="16.969"/>
  <system-out/>
</testsuite> <!-- com.comsand.ecomm.TocheckorderhistoryTest -->
