<?xml version="1.0" encoding="UTF-8"?>
<!-- Generated by org.testng.reporters.JUnitReportReporter -->
<testsuite hostname="DESKTOP-FN7PO88" failures="0" tests="2" name="com.comsand.ecommtest.RemoveProductFromCartTest" time="43.227" errors="0" timestamp="2024-09-23T04:04:11 PDT" skipped="0">
  <testcase classname="com.comsand.ecommtest.RemoveProductFromCartTest" name="RemoveproductFromCart" time="18.878"/>
  <system-out/>
  <testcase classname="com.comsand.ecommtest.RemoveProductFromCartTest" name="RemoveproductFromCart" time="24.349"/>
  <system-out/>
</testsuite> <!-- com.comsand.ecommtest.RemoveProductFromCartTest -->
