<?xml version="1.0" encoding="UTF-8"?>
<!-- Generated by org.testng.reporters.JUnitReportReporter -->
<testsuite hostname="DESKTOP-FN7PO88" failures="0" tests="2" name="com.comsand.ecomm.PurchaseproductWithcashonDeliveryTest" time="56.881" errors="0" timestamp="2024-09-23T02:29:33 PDT" skipped="0">
  <testcase classname="com.comsand.ecomm.PurchaseproductWithcashonDeliveryTest" name="purchaseProductWithCashOndelivertTest" time="32.830"/>
  <system-out/>
  <testcase classname="com.comsand.ecomm.PurchaseproductWithcashonDeliveryTest" name="purchaseProductWithCashOndelivertTest" time="24.051"/>
  <system-out/>
</testsuite> <!-- com.comsand.ecomm.PurchaseproductWithcashonDeliveryTest -->
