<?xml version="1.0" encoding="UTF-8"?>
<!-- Generated by org.testng.reporters.JUnitReportReporter -->
<testsuite hostname="DESKTOP-FN7PO88" failures="0" tests="1" name="com.comsand.ecomm.Tracktheorder" time="17.563" errors="0" timestamp="2024-09-22T22:01:13 PDT" skipped="0">
  <testcase classname="com.comsand.ecomm.Tracktheorder" name="Tracktheorder" time="17.563"/>
  <system-out/>
</testsuite> <!-- com.comsand.ecomm.Tracktheorder -->
