<?xml version="1.0" encoding="UTF-8"?>
<!-- Generated by org.testng.reporters.JUnitReportReporter -->
<testsuite hostname="DESKTOP-FN7PO88" failures="0" tests="2" name="com.comsand.ecommtest.RemoveproductfromwishlistTest" time="30.728" errors="0" timestamp="2024-09-23T04:04:11 PDT" skipped="0">
  <testcase classname="com.comsand.ecommtest.RemoveproductfromwishlistTest" name="Tracktheorder" time="15.234"/>
  <system-out/>
  <testcase classname="com.comsand.ecommtest.RemoveproductfromwishlistTest" name="Tracktheorder" time="15.494"/>
  <system-out/>
</testsuite> <!-- com.comsand.ecommtest.RemoveproductfromwishlistTest -->
