<?xml version="1.0" encoding="UTF-8"?>
<!-- Generated by org.testng.reporters.JUnitReportReporter -->
<testsuite hostname="DESKTOP-FN7PO88" failures="0" tests="2" name="com.comsand.ecomm.RemoveProductFromCartTest" time="32.339" errors="0" timestamp="2024-09-23T02:29:33 PDT" skipped="0">
  <testcase classname="com.comsand.ecomm.RemoveProductFromCartTest" name="RemoveproductFromCart" time="16.306"/>
  <system-out/>
  <testcase classname="com.comsand.ecomm.RemoveProductFromCartTest" name="RemoveproductFromCart" time="16.033"/>
  <system-out/>
</testsuite> <!-- com.comsand.ecomm.RemoveProductFromCartTest -->
