<?xml version="1.0" encoding="UTF-8"?>
<!-- Generated by org.testng.reporters.JUnitReportReporter -->
<testsuite hostname="DESKTOP-FN7PO88" failures="0" tests="1" name="com.comsand.ecomm.TomanageordersTest" time="16.966" errors="0" timestamp="2024-09-23T02:18:49 PDT" skipped="0">
  <testcase classname="com.comsand.ecomm.TomanageordersTest" name="toManegeOrder" time="16.966"/>
  <system-out/>
</testsuite> <!-- com.comsand.ecomm.TomanageordersTest -->
