<?xml version="1.0" encoding="UTF-8"?>
<!-- Generated by org.testng.reporters.JUnitReportReporter -->
<testsuite hostname="DESKTOP-FN7PO88" failures="0" tests="2" name="com.comsand.ecomm.AddproducttoCartTest" time="39.887" errors="0" timestamp="2024-09-23T02:29:33 PDT" skipped="0">
  <testcase classname="com.comsand.ecomm.AddproducttoCartTest" name="Tocheckorderhistory" time="12.932"/>
  <system-out/>
  <testcase classname="com.comsand.ecomm.AddproducttoCartTest" name="Tocheckorderhistory" time="26.955"/>
  <system-out/>
</testsuite> <!-- com.comsand.ecomm.AddproducttoCartTest -->
