<?xml version="1.0" encoding="UTF-8"?>
<!-- Generated by org.testng.reporters.JUnitReportReporter -->
<testsuite hostname="DESKTOP-FN7PO88" failures="0" tests="7" name="com.comshoppoint.usermodeltest.UsermodelTest" time="58.673" errors="0" timestamp="2024-09-23T03:48:48 PDT" skipped="0">
  <testcase classname="com.comshoppoint.usermodeltest.UsermodelTest" name="Tocheckorderhistory1" time="4.172"/>
  <system-out/>
  <testcase classname="com.comshoppoint.usermodeltest.UsermodelTest" name="Tracktheorder" time="14.622"/>
  <system-out/>
  <testcase classname="com.comshoppoint.usermodeltest.UsermodelTest" name="purchaseProductWithCashOndelivertTest" time="14.704"/>
  <system-out/>
  <testcase classname="com.comshoppoint.usermodeltest.UsermodelTest" name="Updateproductintocart" time="5.621"/>
  <system-out/>
  <testcase classname="com.comshoppoint.usermodeltest.UsermodelTest" name="RemoveproductFromCart" time="7.087"/>
  <system-out/>
  <testcase classname="com.comshoppoint.usermodeltest.UsermodelTest" name="Tracktheorder1" time="5.910"/>
  <system-out/>
  <testcase classname="com.comshoppoint.usermodeltest.UsermodelTest" name="addingMultipleproductotocart" time="6.557"/>
  <system-out/>
</testsuite> <!-- com.comshoppoint.usermodeltest.UsermodelTest -->
