<?xml version="1.0" encoding="UTF-8"?>
<!-- Generated by org.testng.reporters.JUnitReportReporter -->
<testsuite hostname="DESKTOP-FN7PO88" failures="0" tests="1" name="com.comsand.ecommtest.TocheckorderhistoryTest" time="24.942" errors="0" timestamp="2024-09-23T03:45:51 PDT" skipped="0">
  <testcase classname="com.comsand.ecommtest.TocheckorderhistoryTest" name="Tocheckorderhistory" time="24.942"/>
  <system-out/>
</testsuite> <!-- com.comsand.ecommtest.TocheckorderhistoryTest -->
