<?xml version="1.0" encoding="UTF-8"?>
<!-- Generated by org.testng.reporters.JUnitReportReporter -->
<testsuite hostname="DESKTOP-FN7PO88" failures="0" tests="2" name="com.comsand.ecommtest.AddingmultipleproducttocartTest" time="47.236" errors="0" timestamp="2024-09-23T04:04:11 PDT" skipped="0">
  <testcase classname="com.comsand.ecommtest.AddingmultipleproducttocartTest" name="addingMultipleproductotocart" time="16.551"/>
  <system-out/>
  <testcase classname="com.comsand.ecommtest.AddingmultipleproducttocartTest" name="addingMultipleproductotocart" time="30.685"/>
  <system-out/>
</testsuite> <!-- com.comsand.ecommtest.AddingmultipleproducttocartTest -->
